0 info it worked if it ends with ok
1 verbose cli [ '/usr/local/bin/node', '/usr/local/bin/npm', 'run', 'build' ]
2 info using npm@3.3.12
3 info using node@v5.5.0
4 verbose run-script [ 'prebuild', 'build', 'postbuild' ]
5 info lifecycle test-angular-webpack@~prebuild: test-angular-webpack@
6 silly lifecycle test-angular-webpack@~prebuild: no script for prebuild, continuing
7 info lifecycle test-angular-webpack@~build: test-angular-webpack@
8 verbose lifecycle test-angular-webpack@~build: unsafe-perm in lifecycle true
9 verbose lifecycle test-angular-webpack@~build: PATH: /usr/local/lib/node_modules/npm/bin/node-gyp-bin:/home/tonho/Documents/structure/node_modules/.bin:/home/tonho/depot_tools:/usr/java/jdk1.8.0_71/bin:/usr/local/sbin:/usr/local/bin:/usr/sbin:/usr/bin:/sbin:/bin:/usr/games:/usr/local/games
10 verbose lifecycle test-angular-webpack@~build: CWD: /home/tonho/Documents/structure
11 silly lifecycle test-angular-webpack@~build: Args: [ '-c',
11 silly lifecycle   'NODE_ENV=prod ./node_modules/webpack/bin/webpack.js --config=webpack.config.js' ]
12 info lifecycle test-angular-webpack@~build: Failed to exec build script
13 verbose stack Error: test-angular-webpack@ build: `NODE_ENV=prod ./node_modules/webpack/bin/webpack.js --config=webpack.config.js`
13 verbose stack spawn ENOENT
13 verbose stack     at ChildProcess.<anonymous> (/usr/local/lib/node_modules/npm/lib/utils/spawn.js:17:16)
13 verbose stack     at emitTwo (events.js:100:13)
13 verbose stack     at ChildProcess.emit (events.js:185:7)
13 verbose stack     at maybeClose (internal/child_process.js:821:16)
13 verbose stack     at Process.ChildProcess._handle.onexit (internal/child_process.js:211:5)
14 verbose pkgid test-angular-webpack@
15 verbose cwd /home/tonho/Documents/structure
16 error Linux 4.2.0-27-generic
17 error argv "/usr/local/bin/node" "/usr/local/bin/npm" "run" "build"
18 error node v5.5.0
19 error npm  v3.3.12
20 error file sh
21 error code ELIFECYCLE
22 error errno ENOENT
23 error syscall spawn
24 error test-angular-webpack@ build: `NODE_ENV=prod ./node_modules/webpack/bin/webpack.js --config=webpack.config.js`
24 error spawn ENOENT
25 error Failed at the test-angular-webpack@ build script 'NODE_ENV=prod ./node_modules/webpack/bin/webpack.js --config=webpack.config.js'.
25 error Make sure you have the latest version of node.js and npm installed.
25 error If you do, this is most likely a problem with the test-angular-webpack package,
25 error not with npm itself.
25 error Tell the author that this fails on your system:
25 error     NODE_ENV=prod ./node_modules/webpack/bin/webpack.js --config=webpack.config.js
25 error You can get their info via:
25 error     npm owner ls test-angular-webpack
25 error There is likely additional logging output above.
26 verbose exit [ 1, true ]
